C:\USERS\DANIEL\DOCUMENTS\VISUAL STUDIO 2010\PROJECTS\HACK N STAB\DEBUG\HACK N STAB.EXE
C:\USERS\DANIEL\DOCUMENTS\VISUAL STUDIO 2010\PROJECTS\HACK N STAB\DEBUG\HACK N STAB.ILK
C:\USERS\DANIEL\DOCUMENTS\VISUAL STUDIO 2010\PROJECTS\HACK N STAB\DEBUG\HACK N STAB.PDB
c:\Users\Daniel\documents\visual studio 2010\Projects\Hack n Stab\Hack n Stab\Debug\cl.command.1.tlog
c:\Users\Daniel\documents\visual studio 2010\Projects\Hack n Stab\Hack n Stab\Debug\CL.read.1.tlog
c:\Users\Daniel\documents\visual studio 2010\Projects\Hack n Stab\Hack n Stab\Debug\CL.write.1.tlog
C:\USERS\DANIEL\DOCUMENTS\VISUAL STUDIO 2010\PROJECTS\HACK N STAB\HACK N STAB\DEBUG\ENEMYAI.OBJ
C:\USERS\DANIEL\DOCUMENTS\VISUAL STUDIO 2010\PROJECTS\HACK N STAB\HACK N STAB\DEBUG\GAME.OBJ
C:\USERS\DANIEL\DOCUMENTS\VISUAL STUDIO 2010\PROJECTS\HACK N STAB\HACK N STAB\DEBUG\HACK N STAB.EXE.INTERMEDIATE.MANIFEST
c:\Users\Daniel\documents\visual studio 2010\Projects\Hack n Stab\Hack n Stab\Debug\Hack n Stab.vcxprojResolveAssemblyReference.cache
c:\Users\Daniel\documents\visual studio 2010\Projects\Hack n Stab\Hack n Stab\Debug\Hack n Stab.write.1.tlog
c:\Users\Daniel\documents\visual studio 2010\Projects\Hack n Stab\Hack n Stab\Debug\link.command.1.tlog
c:\Users\Daniel\documents\visual studio 2010\Projects\Hack n Stab\Hack n Stab\Debug\link.read.1.tlog
c:\Users\Daniel\documents\visual studio 2010\Projects\Hack n Stab\Hack n Stab\Debug\link.write.1.tlog
C:\USERS\DANIEL\DOCUMENTS\VISUAL STUDIO 2010\PROJECTS\HACK N STAB\HACK N STAB\DEBUG\MAIN.OBJ
C:\USERS\DANIEL\DOCUMENTS\VISUAL STUDIO 2010\PROJECTS\HACK N STAB\HACK N STAB\DEBUG\MENU.OBJ
c:\Users\Daniel\documents\visual studio 2010\Projects\Hack n Stab\Hack n Stab\Debug\mt.command.1.tlog
c:\Users\Daniel\documents\visual studio 2010\Projects\Hack n Stab\Hack n Stab\Debug\mt.read.1.tlog
c:\Users\Daniel\documents\visual studio 2010\Projects\Hack n Stab\Hack n Stab\Debug\mt.write.1.tlog
C:\USERS\DANIEL\DOCUMENTS\VISUAL STUDIO 2010\PROJECTS\HACK N STAB\HACK N STAB\DEBUG\PLAYER.OBJ
c:\Users\Daniel\documents\visual studio 2010\Projects\Hack n Stab\Hack n Stab\Debug\vc100.idb
C:\USERS\DANIEL\DOCUMENTS\VISUAL STUDIO 2010\PROJECTS\HACK N STAB\HACK N STAB\DEBUG\VC100.PDB
